CRITICAL - 2023-07-21 15:01:50 --> syntax error, unexpected variable "$routes"
in APPPATH\Config\Routes.php on line 46.
 1 SYSTEMPATH\CodeIgniter.php(800): CodeIgniter\Router\RouteCollection->loadRoutes()
 2 SYSTEMPATH\CodeIgniter.php(447): CodeIgniter\CodeIgniter->tryToRouteIt(null)
 3 SYSTEMPATH\CodeIgniter.php(366): CodeIgniter\CodeIgniter->handleRequest(null, Object(Config\Cache), false)
 4 FCPATH\index.php(67): CodeIgniter\CodeIgniter->run()
CRITICAL - 2023-07-21 21:07:59 --> Invalid file: "program_owner_dashboard_copy.php"
in SYSTEMPATH\Exceptions\FrameworkException.php on line 33.
 1 SYSTEMPATH\View\View.php(212): CodeIgniter\Exceptions\FrameworkException::forInvalidFile('program_owner_dashboard_copy.php')
 2 SYSTEMPATH\Common.php(1180): CodeIgniter\View\View->render('program_owner_dashboard_copy', [], true)
 3 APPPATH\Controllers\ProfileController.php(19): view('program_owner_dashboard_copy', [...])
 4 SYSTEMPATH\CodeIgniter.php(932): App\Controllers\ProfileController->owner()
 5 SYSTEMPATH\CodeIgniter.php(497): CodeIgniter\CodeIgniter->runController(Object(App\Controllers\ProfileController))
 6 SYSTEMPATH\CodeIgniter.php(366): CodeIgniter\CodeIgniter->handleRequest(null, Object(Config\Cache), false)
 7 FCPATH\index.php(67): CodeIgniter\CodeIgniter->run()
ERROR - 2023-07-21 22:16:18 --> Error connecting to the database: mysqli_sql_exception: Unknown database 'certificategenerator' in C:\laragon\www\cert_generator\system\Database\MySQLi\Connection.php:174
Stack trace:
#0 C:\laragon\www\cert_generator\system\Database\MySQLi\Connection.php(174): mysqli->real_connect('localhost', 'root', '', 'certificategene...', 3306, '', 0)
#1 C:\laragon\www\cert_generator\system\Database\BaseConnection.php(391): CodeIgniter\Database\MySQLi\Connection->connect(false)
#2 C:\laragon\www\cert_generator\system\Database\BaseConnection.php(574): CodeIgniter\Database\BaseConnection->initialize()
#3 C:\laragon\www\cert_generator\system\Database\BaseBuilder.php(2309): CodeIgniter\Database\BaseConnection->query('INSERT INTO `us...', Array, false)
#4 C:\laragon\www\cert_generator\system\Model.php(330): CodeIgniter\Database\BaseBuilder->insert()
#5 C:\laragon\www\cert_generator\system\BaseModel.php(782): CodeIgniter\Model->doInsert(Array)
#6 C:\laragon\www\cert_generator\system\Model.php(730): CodeIgniter\BaseModel->insert(Array, false)
#7 C:\laragon\www\cert_generator\system\BaseModel.php(692): CodeIgniter\Model->insert(Array, false)
#8 C:\laragon\www\cert_generator\app\Controllers\SignupController.php(39): CodeIgniter\BaseModel->save(Array)
#9 C:\laragon\www\cert_generator\system\CodeIgniter.php(932): App\Controllers\SignupController->store()
#10 C:\laragon\www\cert_generator\system\CodeIgniter.php(497): CodeIgniter\CodeIgniter->runController(Object(App\Controllers\SignupController))
#11 C:\laragon\www\cert_generator\system\CodeIgniter.php(366): CodeIgniter\CodeIgniter->handleRequest(NULL, Object(Config\Cache), false)
#12 C:\laragon\www\cert_generator\public\index.php(67): CodeIgniter\CodeIgniter->run()
#13 {main}

Next CodeIgniter\Database\Exceptions\DatabaseException: Unknown database 'certificategenerator' in C:\laragon\www\cert_generator\system\Database\MySQLi\Connection.php:218
Stack trace:
#0 C:\laragon\www\cert_generator\system\Database\BaseConnection.php(391): CodeIgniter\Database\MySQLi\Connection->connect(false)
#1 C:\laragon\www\cert_generator\system\Database\BaseConnection.php(574): CodeIgniter\Database\BaseConnection->initialize()
#2 C:\laragon\www\cert_generator\system\Database\BaseBuilder.php(2309): CodeIgniter\Database\BaseConnection->query('INSERT INTO `us...', Array, false)
#3 C:\laragon\www\cert_generator\system\Model.php(330): CodeIgniter\Database\BaseBuilder->insert()
#4 C:\laragon\www\cert_generator\system\BaseModel.php(782): CodeIgniter\Model->doInsert(Array)
#5 C:\laragon\www\cert_generator\system\Model.php(730): CodeIgniter\BaseModel->insert(Array, false)
#6 C:\laragon\www\cert_generator\system\BaseModel.php(692): CodeIgniter\Model->insert(Array, false)
#7 C:\laragon\www\cert_generator\app\Controllers\SignupController.php(39): CodeIgniter\BaseModel->save(Array)
#8 C:\laragon\www\cert_generator\system\CodeIgniter.php(932): App\Controllers\SignupController->store()
#9 C:\laragon\www\cert_generator\system\CodeIgniter.php(497): CodeIgniter\CodeIgniter->runController(Object(App\Controllers\SignupController))
#10 C:\laragon\www\cert_generator\system\CodeIgniter.php(366): CodeIgniter\CodeIgniter->handleRequest(NULL, Object(Config\Cache), false)
#11 C:\laragon\www\cert_generator\public\index.php(67): CodeIgniter\CodeIgniter->run()
#12 {main}
CRITICAL - 2023-07-21 22:16:18 --> Unable to connect to the database.
Main connection [MySQLi]: Unknown database 'certificategenerator'
in SYSTEMPATH\Database\BaseConnection.php on line 427.
 1 SYSTEMPATH\Database\BaseConnection.php(574): CodeIgniter\Database\BaseConnection->initialize()
 2 SYSTEMPATH\Database\BaseBuilder.php(2309): CodeIgniter\Database\BaseConnection->query('INSERT INTO `users` (`username`, `role`, `password`) VALUES (:username:, :role:, :password:)', [...], false)
 3 SYSTEMPATH\Model.php(330): CodeIgniter\Database\BaseBuilder->insert()
 4 SYSTEMPATH\BaseModel.php(782): CodeIgniter\Model->doInsert([...])
 5 SYSTEMPATH\Model.php(730): CodeIgniter\BaseModel->insert([...], false)
 6 SYSTEMPATH\BaseModel.php(692): CodeIgniter\Model->insert([...], false)
 7 APPPATH\Controllers\SignupController.php(39): CodeIgniter\BaseModel->save([...])
 8 SYSTEMPATH\CodeIgniter.php(932): App\Controllers\SignupController->store()
 9 SYSTEMPATH\CodeIgniter.php(497): CodeIgniter\CodeIgniter->runController(Object(App\Controllers\SignupController))
10 SYSTEMPATH\CodeIgniter.php(366): CodeIgniter\CodeIgniter->handleRequest(null, Object(Config\Cache), false)
11 FCPATH\index.php(67): CodeIgniter\CodeIgniter->run()
CRITICAL - 2023-07-21 22:44:32 --> Invalid file: "new.php"
in SYSTEMPATH\Exceptions\FrameworkException.php on line 33.
 1 SYSTEMPATH\View\View.php(212): CodeIgniter\Exceptions\FrameworkException::forInvalidFile('new.php')
 2 SYSTEMPATH\Common.php(1180): CodeIgniter\View\View->render('new', [], true)
 3 APPPATH\Controllers\Home.php(9): view('new')
 4 SYSTEMPATH\CodeIgniter.php(932): App\Controllers\Home->index()
 5 SYSTEMPATH\CodeIgniter.php(497): CodeIgniter\CodeIgniter->runController(Object(App\Controllers\Home))
 6 SYSTEMPATH\CodeIgniter.php(366): CodeIgniter\CodeIgniter->handleRequest(null, Object(Config\Cache), false)
 7 FCPATH\index.php(67): CodeIgniter\CodeIgniter->run()
CRITICAL - 2023-07-21 22:49:26 --> Invalid file: "new.php"
in SYSTEMPATH\Exceptions\FrameworkException.php on line 33.
 1 SYSTEMPATH\View\View.php(212): CodeIgniter\Exceptions\FrameworkException::forInvalidFile('new.php')
 2 SYSTEMPATH\Common.php(1180): CodeIgniter\View\View->render('new', [], true)
 3 APPPATH\Controllers\Home.php(9): view('new')
 4 SYSTEMPATH\CodeIgniter.php(932): App\Controllers\Home->index()
 5 SYSTEMPATH\CodeIgniter.php(497): CodeIgniter\CodeIgniter->runController(Object(App\Controllers\Home))
 6 SYSTEMPATH\CodeIgniter.php(366): CodeIgniter\CodeIgniter->handleRequest(null, Object(Config\Cache), false)
 7 FCPATH\index.php(67): CodeIgniter\CodeIgniter->run()
