CRITICAL - 2023-07-18 15:21:28 --> syntax error, unexpected token "."
in APPPATH\Controllers\SeminarController.php on line 28.
 1 SYSTEMPATH\Autoloader\Autoloader.php(289): CodeIgniter\Autoloader\Autoloader->includeFile('C:\\xampp\\htdocs\\ci\\app\\Controllers\\SeminarController.php')
 2 SYSTEMPATH\Autoloader\Autoloader.php(267): CodeIgniter\Autoloader\Autoloader->loadInNamespace('App\\Controllers\\SeminarController')
 3 [internal function]: CodeIgniter\Autoloader\Autoloader->loadClass('App\\Controllers\\SeminarController')
 4 SYSTEMPATH\CodeIgniter.php(890): class_exists('\\App\\Controllers\\SeminarController', true)
 5 SYSTEMPATH\CodeIgniter.php(484): CodeIgniter\CodeIgniter->startController()
 6 SYSTEMPATH\CodeIgniter.php(366): CodeIgniter\CodeIgniter->handleRequest(null, Object(Config\Cache), false)
 7 FCPATH\index.php(67): CodeIgniter\CodeIgniter->run()
CRITICAL - 2023-07-18 15:22:18 --> Undefined variable $session
in APPPATH\Controllers\SeminarController.php on line 28.
 1 APPPATH\Controllers\SeminarController.php(28): CodeIgniter\Debug\Exceptions->errorHandler(2, 'Undefined variable $session', 'C:\\xampp\\htdocs\\ci\\app\\Controllers\\SeminarController.php', 28)
 2 SYSTEMPATH\CodeIgniter.php(932): App\Controllers\SeminarController->create()
 3 SYSTEMPATH\CodeIgniter.php(497): CodeIgniter\CodeIgniter->runController(Object(App\Controllers\SeminarController))
 4 SYSTEMPATH\CodeIgniter.php(366): CodeIgniter\CodeIgniter->handleRequest(null, Object(Config\Cache), false)
 5 FCPATH\index.php(67): CodeIgniter\CodeIgniter->run()
ERROR - 2023-07-18 15:25:12 --> mysqli_sql_exception: Cannot add or update a child row: a foreign key constraint fails (`newdb`.`seminars`, CONSTRAINT `seminars_ibfk_1` FOREIGN KEY (`owner`) REFERENCES `users` (`id`)) in C:\xampp\htdocs\ci\system\Database\MySQLi\Connection.php:295
Stack trace:
#0 C:\xampp\htdocs\ci\system\Database\MySQLi\Connection.php(295): mysqli->query('INSERT INTO `se...', 0)
#1 C:\xampp\htdocs\ci\system\Database\BaseConnection.php(692): CodeIgniter\Database\MySQLi\Connection->execute('INSERT INTO `se...')
#2 C:\xampp\htdocs\ci\system\Database\BaseConnection.php(606): CodeIgniter\Database\BaseConnection->simpleQuery('INSERT INTO `se...')
#3 C:\xampp\htdocs\ci\system\Database\BaseBuilder.php(2309): CodeIgniter\Database\BaseConnection->query('INSERT INTO `se...', Array, false)
#4 C:\xampp\htdocs\ci\system\Model.php(330): CodeIgniter\Database\BaseBuilder->insert()
#5 C:\xampp\htdocs\ci\system\BaseModel.php(782): CodeIgniter\Model->doInsert(Array)
#6 C:\xampp\htdocs\ci\system\Model.php(730): CodeIgniter\BaseModel->insert(Array, false)
#7 C:\xampp\htdocs\ci\system\BaseModel.php(692): CodeIgniter\Model->insert(Array, false)
#8 C:\xampp\htdocs\ci\app\Controllers\SeminarController.php(32): CodeIgniter\BaseModel->save(Array)
#9 C:\xampp\htdocs\ci\system\CodeIgniter.php(932): App\Controllers\SeminarController->create()
#10 C:\xampp\htdocs\ci\system\CodeIgniter.php(497): CodeIgniter\CodeIgniter->runController(Object(App\Controllers\SeminarController))
#11 C:\xampp\htdocs\ci\system\CodeIgniter.php(366): CodeIgniter\CodeIgniter->handleRequest(NULL, Object(Config\Cache), false)
#12 C:\xampp\htdocs\ci\public\index.php(67): CodeIgniter\CodeIgniter->run()
#13 {main}
CRITICAL - 2023-07-18 15:25:12 --> Cannot add or update a child row: a foreign key constraint fails (`newdb`.`seminars`, CONSTRAINT `seminars_ibfk_1` FOREIGN KEY (`owner`) REFERENCES `users` (`id`))
in SYSTEMPATH\Database\MySQLi\Connection.php on line 295.
 1 SYSTEMPATH\Database\MySQLi\Connection.php(295): mysqli->query('INSERT INTO `seminars` (`title`, `venue`, `date`, `owner`) VALUES (\'test 2 seminar\', \'batac\', \'[\\"2023-01-31\\",\\"2023-02-01\\"]\', \'richieowner\')', 0)
 2 SYSTEMPATH\Database\BaseConnection.php(692): CodeIgniter\Database\MySQLi\Connection->execute('INSERT INTO `seminars` (`title`, `venue`, `date`, `owner`) VALUES (\'test 2 seminar\', \'batac\', \'[\\"2023-01-31\\",\\"2023-02-01\\"]\', \'richieowner\')')
 3 SYSTEMPATH\Database\BaseConnection.php(606): CodeIgniter\Database\BaseConnection->simpleQuery('INSERT INTO `seminars` (`title`, `venue`, `date`, `owner`) VALUES (\'test 2 seminar\', \'batac\', \'[\\"2023-01-31\\",\\"2023-02-01\\"]\', \'richieowner\')')
 4 SYSTEMPATH\Database\BaseBuilder.php(2309): CodeIgniter\Database\BaseConnection->query('INSERT INTO `seminars` (`title`, `venue`, `date`, `owner`) VALUES (:title:, :venue:, :date:, :owner:)', [...], false)
 5 SYSTEMPATH\Model.php(330): CodeIgniter\Database\BaseBuilder->insert()
 6 SYSTEMPATH\BaseModel.php(782): CodeIgniter\Model->doInsert([...])
 7 SYSTEMPATH\Model.php(730): CodeIgniter\BaseModel->insert([...], false)
 8 SYSTEMPATH\BaseModel.php(692): CodeIgniter\Model->insert([...], false)
 9 APPPATH\Controllers\SeminarController.php(32): CodeIgniter\BaseModel->save([...])
10 SYSTEMPATH\CodeIgniter.php(932): App\Controllers\SeminarController->create()
11 SYSTEMPATH\CodeIgniter.php(497): CodeIgniter\CodeIgniter->runController(Object(App\Controllers\SeminarController))
12 SYSTEMPATH\CodeIgniter.php(366): CodeIgniter\CodeIgniter->handleRequest(null, Object(Config\Cache), false)
13 FCPATH\index.php(67): CodeIgniter\CodeIgniter->run()
CRITICAL - 2023-07-18 15:31:24 --> Undefined variable $owner
in APPPATH\Controllers\SeminarController.php on line 28.
 1 APPPATH\Controllers\SeminarController.php(28): CodeIgniter\Debug\Exceptions->errorHandler(2, 'Undefined variable $owner', 'C:\\xampp\\htdocs\\ci\\app\\Controllers\\SeminarController.php', 28)
 2 SYSTEMPATH\CodeIgniter.php(932): App\Controllers\SeminarController->create()
 3 SYSTEMPATH\CodeIgniter.php(497): CodeIgniter\CodeIgniter->runController(Object(App\Controllers\SeminarController))
 4 SYSTEMPATH\CodeIgniter.php(366): CodeIgniter\CodeIgniter->handleRequest(null, Object(Config\Cache), false)
 5 FCPATH\index.php(67): CodeIgniter\CodeIgniter->run()
CRITICAL - 2023-07-18 15:40:11 --> syntax error, unexpected token "=", expecting "]"
in APPPATH\Controllers\SeminarController.php on line 23.
 1 SYSTEMPATH\Autoloader\Autoloader.php(289): CodeIgniter\Autoloader\Autoloader->includeFile('C:\\xampp\\htdocs\\ci\\app\\Controllers\\SeminarController.php')
 2 SYSTEMPATH\Autoloader\Autoloader.php(267): CodeIgniter\Autoloader\Autoloader->loadInNamespace('App\\Controllers\\SeminarController')
 3 APPPATH\Controllers\ProfileController.php(20): CodeIgniter\Autoloader\Autoloader->loadClass('App\\Controllers\\SeminarController')
 4 SYSTEMPATH\CodeIgniter.php(932): App\Controllers\ProfileController->owner()
 5 SYSTEMPATH\CodeIgniter.php(497): CodeIgniter\CodeIgniter->runController(Object(App\Controllers\ProfileController))
 6 SYSTEMPATH\CodeIgniter.php(366): CodeIgniter\CodeIgniter->handleRequest(null, Object(Config\Cache), false)
 7 FCPATH\index.php(67): CodeIgniter\CodeIgniter->run()
CRITICAL - 2023-07-18 15:40:35 --> CodeIgniter\Validation\Validation::withRequest(): Argument #1 ($request) must be of type CodeIgniter\HTTP\RequestInterface, null given, called in C:\xampp\htdocs\ci\system\Controller.php on line 140
in SYSTEMPATH\Validation\Validation.php on line 444.
 1 SYSTEMPATH\Controller.php(140): CodeIgniter\Validation\Validation->withRequest(null)
 2 APPPATH\Controllers\SeminarController.php(17): CodeIgniter\Controller->validate([...])
 3 APPPATH\Controllers\ProfileController.php(22): App\Controllers\SeminarController->create('richieowner')
 4 SYSTEMPATH\CodeIgniter.php(932): App\Controllers\ProfileController->owner()
 5 SYSTEMPATH\CodeIgniter.php(497): CodeIgniter\CodeIgniter->runController(Object(App\Controllers\ProfileController))
 6 SYSTEMPATH\CodeIgniter.php(366): CodeIgniter\CodeIgniter->handleRequest(null, Object(Config\Cache), false)
 7 FCPATH\index.php(67): CodeIgniter\CodeIgniter->run()
ERROR - 2023-07-18 15:57:00 --> mysqli_sql_exception: Cannot add or update a child row: a foreign key constraint fails (`newdb`.`seminars`, CONSTRAINT `seminars_ibfk_1` FOREIGN KEY (`owner`) REFERENCES `users` (`id`)) in C:\xampp\htdocs\ci\system\Database\MySQLi\Connection.php:295
Stack trace:
#0 C:\xampp\htdocs\ci\system\Database\MySQLi\Connection.php(295): mysqli->query('INSERT INTO `se...', 0)
#1 C:\xampp\htdocs\ci\system\Database\BaseConnection.php(692): CodeIgniter\Database\MySQLi\Connection->execute('INSERT INTO `se...')
#2 C:\xampp\htdocs\ci\system\Database\BaseConnection.php(606): CodeIgniter\Database\BaseConnection->simpleQuery('INSERT INTO `se...')
#3 C:\xampp\htdocs\ci\system\Database\BaseBuilder.php(2309): CodeIgniter\Database\BaseConnection->query('INSERT INTO `se...', Array, false)
#4 C:\xampp\htdocs\ci\system\Model.php(330): CodeIgniter\Database\BaseBuilder->insert()
#5 C:\xampp\htdocs\ci\system\BaseModel.php(782): CodeIgniter\Model->doInsert(Array)
#6 C:\xampp\htdocs\ci\system\Model.php(730): CodeIgniter\BaseModel->insert(Array, false)
#7 C:\xampp\htdocs\ci\system\BaseModel.php(692): CodeIgniter\Model->insert(Array, false)
#8 C:\xampp\htdocs\ci\app\Controllers\SeminarController.php(31): CodeIgniter\BaseModel->save(Array)
#9 C:\xampp\htdocs\ci\system\CodeIgniter.php(932): App\Controllers\SeminarController->create()
#10 C:\xampp\htdocs\ci\system\CodeIgniter.php(497): CodeIgniter\CodeIgniter->runController(Object(App\Controllers\SeminarController))
#11 C:\xampp\htdocs\ci\system\CodeIgniter.php(366): CodeIgniter\CodeIgniter->handleRequest(NULL, Object(Config\Cache), false)
#12 C:\xampp\htdocs\ci\public\index.php(67): CodeIgniter\CodeIgniter->run()
#13 {main}
CRITICAL - 2023-07-18 15:57:00 --> Cannot add or update a child row: a foreign key constraint fails (`newdb`.`seminars`, CONSTRAINT `seminars_ibfk_1` FOREIGN KEY (`owner`) REFERENCES `users` (`id`))
in SYSTEMPATH\Database\MySQLi\Connection.php on line 295.
 1 SYSTEMPATH\Database\MySQLi\Connection.php(295): mysqli->query('INSERT INTO `seminars` (`title`, `venue`, `date`, `owner`) VALUES (\'test 2 seminar\', \'batac\', \'[\\"2023-01-31\\",\\"2023-02-01\\"]\', \'richieowner\')', 0)
 2 SYSTEMPATH\Database\BaseConnection.php(692): CodeIgniter\Database\MySQLi\Connection->execute('INSERT INTO `seminars` (`title`, `venue`, `date`, `owner`) VALUES (\'test 2 seminar\', \'batac\', \'[\\"2023-01-31\\",\\"2023-02-01\\"]\', \'richieowner\')')
 3 SYSTEMPATH\Database\BaseConnection.php(606): CodeIgniter\Database\BaseConnection->simpleQuery('INSERT INTO `seminars` (`title`, `venue`, `date`, `owner`) VALUES (\'test 2 seminar\', \'batac\', \'[\\"2023-01-31\\",\\"2023-02-01\\"]\', \'richieowner\')')
 4 SYSTEMPATH\Database\BaseBuilder.php(2309): CodeIgniter\Database\BaseConnection->query('INSERT INTO `seminars` (`title`, `venue`, `date`, `owner`) VALUES (:title:, :venue:, :date:, :owner:)', [...], false)
 5 SYSTEMPATH\Model.php(330): CodeIgniter\Database\BaseBuilder->insert()
 6 SYSTEMPATH\BaseModel.php(782): CodeIgniter\Model->doInsert([...])
 7 SYSTEMPATH\Model.php(730): CodeIgniter\BaseModel->insert([...], false)
 8 SYSTEMPATH\BaseModel.php(692): CodeIgniter\Model->insert([...], false)
 9 APPPATH\Controllers\SeminarController.php(31): CodeIgniter\BaseModel->save([...])
10 SYSTEMPATH\CodeIgniter.php(932): App\Controllers\SeminarController->create()
11 SYSTEMPATH\CodeIgniter.php(497): CodeIgniter\CodeIgniter->runController(Object(App\Controllers\SeminarController))
12 SYSTEMPATH\CodeIgniter.php(366): CodeIgniter\CodeIgniter->handleRequest(null, Object(Config\Cache), false)
13 FCPATH\index.php(67): CodeIgniter\CodeIgniter->run()
ERROR - 2023-07-18 15:58:17 --> mysqli_sql_exception: Cannot add or update a child row: a foreign key constraint fails (`newdb`.`seminars`, CONSTRAINT `seminars_ibfk_1` FOREIGN KEY (`owner`) REFERENCES `users` (`id`)) in C:\xampp\htdocs\ci\system\Database\MySQLi\Connection.php:295
Stack trace:
#0 C:\xampp\htdocs\ci\system\Database\MySQLi\Connection.php(295): mysqli->query('INSERT INTO `se...', 0)
#1 C:\xampp\htdocs\ci\system\Database\BaseConnection.php(692): CodeIgniter\Database\MySQLi\Connection->execute('INSERT INTO `se...')
#2 C:\xampp\htdocs\ci\system\Database\BaseConnection.php(606): CodeIgniter\Database\BaseConnection->simpleQuery('INSERT INTO `se...')
#3 C:\xampp\htdocs\ci\system\Database\BaseBuilder.php(2309): CodeIgniter\Database\BaseConnection->query('INSERT INTO `se...', Array, false)
#4 C:\xampp\htdocs\ci\system\Model.php(330): CodeIgniter\Database\BaseBuilder->insert()
#5 C:\xampp\htdocs\ci\system\BaseModel.php(782): CodeIgniter\Model->doInsert(Array)
#6 C:\xampp\htdocs\ci\system\Model.php(730): CodeIgniter\BaseModel->insert(Array, false)
#7 C:\xampp\htdocs\ci\system\BaseModel.php(692): CodeIgniter\Model->insert(Array, false)
#8 C:\xampp\htdocs\ci\app\Controllers\SeminarController.php(31): CodeIgniter\BaseModel->save(Array)
#9 C:\xampp\htdocs\ci\system\CodeIgniter.php(932): App\Controllers\SeminarController->create()
#10 C:\xampp\htdocs\ci\system\CodeIgniter.php(497): CodeIgniter\CodeIgniter->runController(Object(App\Controllers\SeminarController))
#11 C:\xampp\htdocs\ci\system\CodeIgniter.php(366): CodeIgniter\CodeIgniter->handleRequest(NULL, Object(Config\Cache), false)
#12 C:\xampp\htdocs\ci\public\index.php(67): CodeIgniter\CodeIgniter->run()
#13 {main}
CRITICAL - 2023-07-18 15:58:17 --> Cannot add or update a child row: a foreign key constraint fails (`newdb`.`seminars`, CONSTRAINT `seminars_ibfk_1` FOREIGN KEY (`owner`) REFERENCES `users` (`id`))
in SYSTEMPATH\Database\MySQLi\Connection.php on line 295.
 1 SYSTEMPATH\Database\MySQLi\Connection.php(295): mysqli->query('INSERT INTO `seminars` (`title`, `venue`, `date`, `owner`) VALUES (\'test 2\', \'batac\', \'\', \'richieowner\')', 0)
 2 SYSTEMPATH\Database\BaseConnection.php(692): CodeIgniter\Database\MySQLi\Connection->execute('INSERT INTO `seminars` (`title`, `venue`, `date`, `owner`) VALUES (\'test 2\', \'batac\', \'\', \'richieowner\')')
 3 SYSTEMPATH\Database\BaseConnection.php(606): CodeIgniter\Database\BaseConnection->simpleQuery('INSERT INTO `seminars` (`title`, `venue`, `date`, `owner`) VALUES (\'test 2\', \'batac\', \'\', \'richieowner\')')
 4 SYSTEMPATH\Database\BaseBuilder.php(2309): CodeIgniter\Database\BaseConnection->query('INSERT INTO `seminars` (`title`, `venue`, `date`, `owner`) VALUES (:title:, :venue:, :date:, :owner:)', [...], false)
 5 SYSTEMPATH\Model.php(330): CodeIgniter\Database\BaseBuilder->insert()
 6 SYSTEMPATH\BaseModel.php(782): CodeIgniter\Model->doInsert([...])
 7 SYSTEMPATH\Model.php(730): CodeIgniter\BaseModel->insert([...], false)
 8 SYSTEMPATH\BaseModel.php(692): CodeIgniter\Model->insert([...], false)
 9 APPPATH\Controllers\SeminarController.php(31): CodeIgniter\BaseModel->save([...])
10 SYSTEMPATH\CodeIgniter.php(932): App\Controllers\SeminarController->create()
11 SYSTEMPATH\CodeIgniter.php(497): CodeIgniter\CodeIgniter->runController(Object(App\Controllers\SeminarController))
12 SYSTEMPATH\CodeIgniter.php(366): CodeIgniter\CodeIgniter->handleRequest(null, Object(Config\Cache), false)
13 FCPATH\index.php(67): CodeIgniter\CodeIgniter->run()
CRITICAL - 2023-07-18 16:22:44 --> Undefined variable $session
in APPPATH\Controllers\ProfileController.php on line 16.
 1 APPPATH\Controllers\ProfileController.php(16): CodeIgniter\Debug\Exceptions->errorHandler(2, 'Undefined variable $session', 'C:\\xampp\\htdocs\\ci\\app\\Controllers\\ProfileController.php', 16)
 2 SYSTEMPATH\CodeIgniter.php(932): App\Controllers\ProfileController->owner()
 3 SYSTEMPATH\CodeIgniter.php(497): CodeIgniter\CodeIgniter->runController(Object(App\Controllers\ProfileController))
 4 SYSTEMPATH\CodeIgniter.php(366): CodeIgniter\CodeIgniter->handleRequest(null, Object(Config\Cache), false)
 5 FCPATH\index.php(67): CodeIgniter\CodeIgniter->run()
